2026-06-18 15:11:39,269 - aqt.helper - DEBUG - helper 15872 Attempt to download checksum at https://download.qt.io/online/qtsdkrepository/windows_x86/desktop/qt6_683/qt6_683/Updates.xml.sha256
2026-06-18 15:12:01,021 - aqt.helper - DEBUG - helper 34976 Attempt to download checksum at https://download.qt.io/online/qtsdkrepository/windows_x86/desktop/qt6_683/qt6_683/Updates.xml.sha256
2026-06-18 15:12:05,199 - aqt.helper - DEBUG - helper 34976 Attempt to download checksum at https://download.qt.io/online/qtsdkrepository/windows_x86/extensions/qtpdf/683/msvc2022_64/Updates.xml.sha256
2026-06-18 15:12:08,822 - aqt.helper - DEBUG - helper 34976 Attempt to download checksum at https://download.qt.io/online/qtsdkrepository/windows_x86/extensions/qtwebengine/683/msvc2022_64/Updates.xml.sha256
2026-06-18 15:12:24,371 - aqt.main - INFO - installer 6384 aqtinstall(aqt) v3.3.0 on Python 3.14.3 [CPython MSC v.1944 64 bit (AMD64)]
2026-06-18 15:12:24,372 - aqt.helper - DEBUG - helper 6384 Attempt to download checksum at https://download.qt.io/online/qtsdkrepository/windows_x86/desktop/qt6_683/qt6_683/Updates.xml.sha256
2026-06-18 15:12:32,737 - aqt.helper - DEBUG - helper 6384 Attempt to download checksum at https://download.qt.io/online/qtsdkrepository/windows_x86/extensions/qtwebengine/683/msvc2022_64/Updates.xml.sha256
2026-06-18 15:12:36,247 - aqt.archives - INFO - archives 6384 Found extension qtwebengine
2026-06-18 15:12:36,248 - aqt.helper - DEBUG - helper 6384 Attempt to download checksum at https://download.qt.io/online/qtsdkrepository/windows_x86/extensions/qtpdf/683/msvc2022_64/Updates.xml.sha256
2026-06-18 15:12:39,781 - aqt.archives - INFO - archives 6384 Found extension qtpdf
2026-06-18 15:12:41,019 - aqt.helper - DEBUG - helper 20780 Attempt to download checksum at https://download.qt.io/online/qtsdkrepository/windows_x86/desktop/qt6_683/qt6_683/qt.qt6.683.addons.qt3d.win64_msvc2022_64/6.8.3-0-202503201308qt3d-Windows-Windows_11_23H2-MSVC2022-Windows-Windows_11_23H2-X86_64.7z.sha256
2026-06-18 15:12:41,019 - aqt.helper - DEBUG - helper 14476 Attempt to download checksum at https://download.qt.io/online/qtsdkrepository/windows_x86/desktop/qt6_683/qt6_683/qt.qt6.683.addons.qtserialport.win64_msvc2022_64/6.8.3-0-202503201308qtserialport-Windows-Windows_11_23H2-MSVC2022-Windows-Windows_11_23H2-X86_64.7z.sha256
2026-06-18 15:12:41,021 - aqt.helper - DEBUG - helper 21928 Attempt to download checksum at https://download.qt.io/online/qtsdkrepository/windows_x86/desktop/qt6_683/qt6_683/qt.qt6.683.addons.qtcharts.win64_msvc2022_64/6.8.3-0-202503201308qtcharts-Windows-Windows_11_23H2-MSVC2022-Windows-Windows_11_23H2-X86_64.7z.sha256
2026-06-18 15:12:41,024 - aqt.helper - DEBUG - helper 22396 Attempt to download checksum at https://download.qt.io/online/qtsdkrepository/windows_x86/desktop/qt6_683/qt6_683/qt.qt6.683.win64_msvc2022_64/6.8.3-0-202503201308qtbase-Windows-Windows_11_23H2-MSVC2022-Windows-Windows_11_23H2-X86_64.7z.sha256
2026-06-18 15:12:42,766 - aqt.helper - INFO - helper 20780 Downloading qt3d...
2026-06-18 15:12:42,767 - aqt.helper - INFO - helper 21928 Downloading qtcharts...
2026-06-18 15:12:42,767 - aqt.helper - INFO - helper 22396 Downloading qtbase...
2026-06-18 15:12:42,771 - aqt.helper - INFO - helper 14476 Downloading qtserialport...
2026-06-18 15:12:42,766 - aqt.installer - DEBUG - installer 20780 Download URL: https://download.qt.io/online/qtsdkrepository/windows_x86/desktop/qt6_683/qt6_683/qt.qt6.683.addons.qt3d.win64_msvc2022_64/6.8.3-0-202503201308qt3d-Windows-Windows_11_23H2-MSVC2022-Windows-Windows_11_23H2-X86_64.7z
2026-06-18 15:12:42,768 - aqt.installer - DEBUG - installer 21928 Download URL: https://download.qt.io/online/qtsdkrepository/windows_x86/desktop/qt6_683/qt6_683/qt.qt6.683.addons.qtcharts.win64_msvc2022_64/6.8.3-0-202503201308qtcharts-Windows-Windows_11_23H2-MSVC2022-Windows-Windows_11_23H2-X86_64.7z
2026-06-18 15:12:42,768 - aqt.installer - DEBUG - installer 22396 Download URL: https://download.qt.io/online/qtsdkrepository/windows_x86/desktop/qt6_683/qt6_683/qt.qt6.683.win64_msvc2022_64/6.8.3-0-202503201308qtbase-Windows-Windows_11_23H2-MSVC2022-Windows-Windows_11_23H2-X86_64.7z
2026-06-18 15:12:42,772 - aqt.installer - DEBUG - installer 14476 Download URL: https://download.qt.io/online/qtsdkrepository/windows_x86/desktop/qt6_683/qt6_683/qt.qt6.683.addons.qtserialport.win64_msvc2022_64/6.8.3-0-202503201308qtserialport-Windows-Windows_11_23H2-MSVC2022-Windows-Windows_11_23H2-X86_64.7z
2026-06-18 15:12:44,508 - aqt.helper - DEBUG - helper 14476 Asked to redirect(302) to: https://ftp.jaist.ac.jp/pub/qtproject/online/qtsdkrepository/windows_x86/desktop/qt6_683/qt6_683/qt.qt6.683.addons.qtserialport.win64_msvc2022_64/6.8.3-0-202503201308qtserialport-Windows-Windows_11_23H2-MSVC2022-Windows-Windows_11_23H2-X86_64.7z
2026-06-18 15:12:44,508 - aqt.helper - INFO - helper 20780 Redirected: ftp.jaist.ac.jp
2026-06-18 15:12:44,508 - aqt.helper - DEBUG - helper 21928 Asked to redirect(302) to: https://ftp.jaist.ac.jp/pub/qtproject/online/qtsdkrepository/windows_x86/desktop/qt6_683/qt6_683/qt.qt6.683.addons.qtcharts.win64_msvc2022_64/6.8.3-0-202503201308qtcharts-Windows-Windows_11_23H2-MSVC2022-Windows-Windows_11_23H2-X86_64.7z
2026-06-18 15:12:44,508 - aqt.helper - INFO - helper 14476 Redirected: ftp.jaist.ac.jp
2026-06-18 15:12:44,508 - aqt.helper - INFO - helper 21928 Redirected: ftp.jaist.ac.jp
2026-06-18 15:12:44,509 - aqt.helper - DEBUG - helper 22396 Asked to redirect(302) to: https://ftp.jaist.ac.jp/pub/qtproject/online/qtsdkrepository/windows_x86/desktop/qt6_683/qt6_683/qt.qt6.683.win64_msvc2022_64/6.8.3-0-202503201308qtbase-Windows-Windows_11_23H2-MSVC2022-Windows-Windows_11_23H2-X86_64.7z
2026-06-18 15:12:44,510 - aqt.helper - INFO - helper 22396 Redirected: ftp.jaist.ac.jp
2026-06-18 15:12:46,225 - aqt.installer - INFO - installer 14476 Finished installation of qtserialport-Windows-Windows_11_23H2-MSVC2022-Windows-Windows_11_23H2-X86_64.7z in 5.20853090
2026-06-18 15:12:46,246 - aqt.helper - DEBUG - helper 14476 Attempt to download checksum at https://download.qt.io/online/qtsdkrepository/windows_x86/desktop/qt6_683/qt6_683/qt.qt6.683.win64_msvc2022_64/6.8.3-0-202503201308qtsvg-Windows-Windows_11_23H2-MSVC2022-Windows-Windows_11_23H2-X86_64.7z.sha256
2026-06-18 15:12:47,841 - aqt.helper - INFO - helper 14476 Downloading qtsvg...
2026-06-18 15:12:47,841 - aqt.installer - DEBUG - installer 14476 Download URL: https://download.qt.io/online/qtsdkrepository/windows_x86/desktop/qt6_683/qt6_683/qt.qt6.683.win64_msvc2022_64/6.8.3-0-202503201308qtsvg-Windows-Windows_11_23H2-MSVC2022-Windows-Windows_11_23H2-X86_64.7z
2026-06-18 15:12:48,443 - aqt.installer - INFO - installer 21928 Finished installation of qtcharts-Windows-Windows_11_23H2-MSVC2022-Windows-Windows_11_23H2-X86_64.7z in 7.42501920
2026-06-18 15:12:48,466 - aqt.helper - DEBUG - helper 21928 Attempt to download checksum at https://download.qt.io/online/qtsdkrepository/windows_x86/desktop/qt6_683/qt6_683/qt.qt6.683.win64_msvc2022_64/6.8.3-0-202503201308qtdeclarative-Windows-Windows_11_23H2-MSVC2022-Windows-Windows_11_23H2-X86_64.7z.sha256
2026-06-18 15:12:49,575 - aqt.helper - DEBUG - helper 14476 Asked to redirect(302) to: https://ftp.jaist.ac.jp/pub/qtproject/online/qtsdkrepository/windows_x86/desktop/qt6_683/qt6_683/qt.qt6.683.win64_msvc2022_64/6.8.3-0-202503201308qtsvg-Windows-Windows_11_23H2-MSVC2022-Windows-Windows_11_23H2-X86_64.7z
2026-06-18 15:12:49,575 - aqt.helper - INFO - helper 14476 Redirected: ftp.jaist.ac.jp
2026-06-18 15:12:50,112 - aqt.helper - INFO - helper 21928 Downloading qtdeclarative...
2026-06-18 15:12:50,112 - aqt.installer - DEBUG - installer 21928 Download URL: https://download.qt.io/online/qtsdkrepository/windows_x86/desktop/qt6_683/qt6_683/qt.qt6.683.win64_msvc2022_64/6.8.3-0-202503201308qtdeclarative-Windows-Windows_11_23H2-MSVC2022-Windows-Windows_11_23H2-X86_64.7z
2026-06-18 15:12:50,682 - aqt.installer - INFO - installer 14476 Finished installation of qtsvg-Windows-Windows_11_23H2-MSVC2022-Windows-Windows_11_23H2-X86_64.7z in 4.43865160
2026-06-18 15:12:50,710 - aqt.helper - DEBUG - helper 14476 Attempt to download checksum at https://download.qt.io/online/qtsdkrepository/windows_x86/desktop/qt6_683/qt6_683/qt.qt6.683.win64_msvc2022_64/6.8.3-0-202503201308qttools-Windows-Windows_11_23H2-MSVC2022-Windows-Windows_11_23H2-X86_64.7z.sha256
2026-06-18 15:12:51,771 - aqt.helper - DEBUG - helper 21928 Asked to redirect(302) to: https://ftp.jaist.ac.jp/pub/qtproject/online/qtsdkrepository/windows_x86/desktop/qt6_683/qt6_683/qt.qt6.683.win64_msvc2022_64/6.8.3-0-202503201308qtdeclarative-Windows-Windows_11_23H2-MSVC2022-Windows-Windows_11_23H2-X86_64.7z
2026-06-18 15:12:51,771 - aqt.helper - INFO - helper 21928 Redirected: ftp.jaist.ac.jp
2026-06-18 15:12:52,221 - aqt.helper - INFO - helper 14476 Downloading qttools...
2026-06-18 15:12:52,221 - aqt.installer - DEBUG - installer 14476 Download URL: https://download.qt.io/online/qtsdkrepository/windows_x86/desktop/qt6_683/qt6_683/qt.qt6.683.win64_msvc2022_64/6.8.3-0-202503201308qttools-Windows-Windows_11_23H2-MSVC2022-Windows-Windows_11_23H2-X86_64.7z
2026-06-18 15:12:53,793 - aqt.helper - DEBUG - helper 14476 Asked to redirect(302) to: https://ftp.jaist.ac.jp/pub/qtproject/online/qtsdkrepository/windows_x86/desktop/qt6_683/qt6_683/qt.qt6.683.win64_msvc2022_64/6.8.3-0-202503201308qttools-Windows-Windows_11_23H2-MSVC2022-Windows-Windows_11_23H2-X86_64.7z
2026-06-18 15:12:53,794 - aqt.helper - INFO - helper 14476 Redirected: ftp.jaist.ac.jp
2026-06-18 15:12:56,427 - aqt.installer - INFO - installer 20780 Finished installation of qt3d-Windows-Windows_11_23H2-MSVC2022-Windows-Windows_11_23H2-X86_64.7z in 15.41083320
2026-06-18 15:12:56,454 - aqt.helper - DEBUG - helper 20780 Attempt to download checksum at https://download.qt.io/online/qtsdkrepository/windows_x86/desktop/qt6_683/qt6_683/qt.qt6.683.win64_msvc2022_64/6.8.3-0-202503201308qttranslations-Windows-Windows_11_23H2-MSVC2022-Windows-Windows_11_23H2-X86_64.7z.sha256
2026-06-18 15:12:57,889 - aqt.installer - INFO - installer 22396 Finished installation of qtbase-Windows-Windows_11_23H2-MSVC2022-Windows-Windows_11_23H2-X86_64.7z in 16.86771760
2026-06-18 15:12:57,914 - aqt.helper - DEBUG - helper 22396 Attempt to download checksum at https://download.qt.io/online/qtsdkrepository/windows_x86/desktop/qt6_683/qt6_683/qt.qt6.683.win64_msvc2022_64/6.8.3-0-202503201308d3dcompiler_47-x64.7z.sha256
2026-06-18 15:12:58,056 - aqt.helper - INFO - helper 20780 Downloading qttranslations...
2026-06-18 15:12:58,056 - aqt.installer - DEBUG - installer 20780 Download URL: https://download.qt.io/online/qtsdkrepository/windows_x86/desktop/qt6_683/qt6_683/qt.qt6.683.win64_msvc2022_64/6.8.3-0-202503201308qttranslations-Windows-Windows_11_23H2-MSVC2022-Windows-Windows_11_23H2-X86_64.7z
2026-06-18 15:12:59,417 - aqt.helper - INFO - helper 22396 Downloading d3dcompiler_47...
2026-06-18 15:12:59,417 - aqt.installer - DEBUG - installer 22396 Download URL: https://download.qt.io/online/qtsdkrepository/windows_x86/desktop/qt6_683/qt6_683/qt.qt6.683.win64_msvc2022_64/6.8.3-0-202503201308d3dcompiler_47-x64.7z
2026-06-18 15:12:59,527 - aqt.helper - DEBUG - helper 20780 Asked to redirect(302) to: https://ftp.jaist.ac.jp/pub/qtproject/online/qtsdkrepository/windows_x86/desktop/qt6_683/qt6_683/qt.qt6.683.win64_msvc2022_64/6.8.3-0-202503201308qttranslations-Windows-Windows_11_23H2-MSVC2022-Windows-Windows_11_23H2-X86_64.7z
2026-06-18 15:12:59,527 - aqt.helper - INFO - helper 20780 Redirected: ftp.jaist.ac.jp
2026-06-18 15:13:01,061 - aqt.helper - DEBUG - helper 22396 Asked to redirect(302) to: https://ftp.jaist.ac.jp/pub/qtproject/online/qtsdkrepository/windows_x86/desktop/qt6_683/qt6_683/qt.qt6.683.win64_msvc2022_64/6.8.3-0-202503201308d3dcompiler_47-x64.7z
2026-06-18 15:13:01,061 - aqt.helper - INFO - helper 22396 Redirected: ftp.jaist.ac.jp
2026-06-18 15:13:01,794 - aqt.installer - INFO - installer 20780 Finished installation of qttranslations-Windows-Windows_11_23H2-MSVC2022-Windows-Windows_11_23H2-X86_64.7z in 5.34276540
2026-06-18 15:13:01,823 - aqt.helper - DEBUG - helper 20780 Attempt to download checksum at https://download.qt.io/online/qtsdkrepository/windows_x86/desktop/qt6_683/qt6_683/qt.qt6.683.win64_msvc2022_64/6.8.3-0-202503201308opengl32sw-64-mesa_11_2_2-signed_sha256.7z.sha256
2026-06-18 15:13:02,746 - aqt.installer - INFO - installer 22396 Finished installation of d3dcompiler_47-x64.7z in 4.83594190
2026-06-18 15:13:03,526 - aqt.helper - INFO - helper 20780 Downloading opengl32sw...
2026-06-18 15:13:03,526 - aqt.installer - DEBUG - installer 20780 Download URL: https://download.qt.io/online/qtsdkrepository/windows_x86/desktop/qt6_683/qt6_683/qt.qt6.683.win64_msvc2022_64/6.8.3-0-202503201308opengl32sw-64-mesa_11_2_2-signed_sha256.7z
2026-06-18 15:13:05,155 - aqt.helper - DEBUG - helper 20780 Asked to redirect(302) to: https://ftp.jaist.ac.jp/pub/qtproject/online/qtsdkrepository/windows_x86/desktop/qt6_683/qt6_683/qt.qt6.683.win64_msvc2022_64/6.8.3-0-202503201308opengl32sw-64-mesa_11_2_2-signed_sha256.7z
2026-06-18 15:13:05,155 - aqt.helper - INFO - helper 20780 Redirected: ftp.jaist.ac.jp
2026-06-18 15:13:07,476 - aqt.installer - INFO - installer 14476 Finished installation of qttools-Windows-Windows_11_23H2-MSVC2022-Windows-Windows_11_23H2-X86_64.7z in 16.76955000
2026-06-18 15:13:08,005 - aqt.installer - INFO - installer 20780 Finished installation of opengl32sw-64-mesa_11_2_2-signed_sha256.7z in 6.18615660
2026-06-18 15:13:46,032 - aqt.installer - INFO - installer 21928 Finished installation of qtdeclarative-Windows-Windows_11_23H2-MSVC2022-Windows-Windows_11_23H2-X86_64.7z in 57.56930850
2026-06-18 15:13:46,288 - aqt.updater - INFO - updater 6384 Patching C:\Qt\6.8.3\msvc2022_64\bin\qmake.exe
2026-06-18 15:13:46,293 - aqt.updater - INFO - updater 6384 Patching C:\Qt\6.8.3\msvc2022_64\lib\Qt63DAnimation.prl
2026-06-18 15:13:46,300 - aqt.updater - INFO - updater 6384 Patching C:\Qt\6.8.3\msvc2022_64\lib\Qt63DAnimationd.prl
2026-06-18 15:13:46,307 - aqt.updater - INFO - updater 6384 Patching C:\Qt\6.8.3\msvc2022_64\lib\Qt63DCore.prl
2026-06-18 15:13:46,315 - aqt.updater - INFO - updater 6384 Patching C:\Qt\6.8.3\msvc2022_64\lib\Qt63DCored.prl
2026-06-18 15:13:46,322 - aqt.updater - INFO - updater 6384 Patching C:\Qt\6.8.3\msvc2022_64\lib\Qt63DExtras.prl
2026-06-18 15:13:46,330 - aqt.updater - INFO - updater 6384 Patching C:\Qt\6.8.3\msvc2022_64\lib\Qt63DExtrasd.prl
2026-06-18 15:13:46,338 - aqt.updater - INFO - updater 6384 Patching C:\Qt\6.8.3\msvc2022_64\lib\Qt63DInput.prl
2026-06-18 15:13:46,347 - aqt.updater - INFO - updater 6384 Patching C:\Qt\6.8.3\msvc2022_64\lib\Qt63DInputd.prl
2026-06-18 15:13:46,354 - aqt.updater - INFO - updater 6384 Patching C:\Qt\6.8.3\msvc2022_64\lib\Qt63DLogic.prl
2026-06-18 15:13:46,362 - aqt.updater - INFO - updater 6384 Patching C:\Qt\6.8.3\msvc2022_64\lib\Qt63DLogicd.prl
2026-06-18 15:13:46,371 - aqt.updater - INFO - updater 6384 Patching C:\Qt\6.8.3\msvc2022_64\lib\Qt63DQuick.prl
2026-06-18 15:13:46,378 - aqt.updater - INFO - updater 6384 Patching C:\Qt\6.8.3\msvc2022_64\lib\Qt63DQuickAnimation.prl
2026-06-18 15:13:46,386 - aqt.updater - INFO - updater 6384 Patching C:\Qt\6.8.3\msvc2022_64\lib\Qt63DQuickAnimationd.prl
2026-06-18 15:13:46,394 - aqt.updater - INFO - updater 6384 Patching C:\Qt\6.8.3\msvc2022_64\lib\Qt63DQuickd.prl
2026-06-18 15:13:46,400 - aqt.updater - INFO - updater 6384 Patching C:\Qt\6.8.3\msvc2022_64\lib\Qt63DQuickExtras.prl
2026-06-18 15:13:46,407 - aqt.updater - INFO - updater 6384 Patching C:\Qt\6.8.3\msvc2022_64\lib\Qt63DQuickExtrasd.prl
2026-06-18 15:13:46,416 - aqt.updater - INFO - updater 6384 Patching C:\Qt\6.8.3\msvc2022_64\lib\Qt63DQuickInput.prl
2026-06-18 15:13:46,423 - aqt.updater - INFO - updater 6384 Patching C:\Qt\6.8.3\msvc2022_64\lib\Qt63DQuickInputd.prl
2026-06-18 15:13:46,430 - aqt.updater - INFO - updater 6384 Patching C:\Qt\6.8.3\msvc2022_64\lib\Qt63DQuickRender.prl
2026-06-18 15:13:46,440 - aqt.updater - INFO - updater 6384 Patching C:\Qt\6.8.3\msvc2022_64\lib\Qt63DQuickRenderd.prl
2026-06-18 15:13:46,449 - aqt.updater - INFO - updater 6384 Patching C:\Qt\6.8.3\msvc2022_64\lib\Qt63DQuickScene2D.prl
2026-06-18 15:13:46,457 - aqt.updater - INFO - updater 6384 Patching C:\Qt\6.8.3\msvc2022_64\lib\Qt63DQuickScene2Dd.prl
2026-06-18 15:13:46,467 - aqt.updater - INFO - updater 6384 Patching C:\Qt\6.8.3\msvc2022_64\lib\Qt63DQuickScene3D.prl
2026-06-18 15:13:46,476 - aqt.updater - INFO - updater 6384 Patching C:\Qt\6.8.3\msvc2022_64\lib\Qt63DQuickScene3Dd.prl
2026-06-18 15:13:46,487 - aqt.updater - INFO - updater 6384 Patching C:\Qt\6.8.3\msvc2022_64\lib\Qt63DRender.prl
2026-06-18 15:13:46,499 - aqt.updater - INFO - updater 6384 Patching C:\Qt\6.8.3\msvc2022_64\lib\Qt63DRenderd.prl
2026-06-18 15:13:46,509 - aqt.updater - INFO - updater 6384 Patching C:\Qt\6.8.3\msvc2022_64\lib\Qt6Charts.prl
2026-06-18 15:13:46,517 - aqt.updater - INFO - updater 6384 Patching C:\Qt\6.8.3\msvc2022_64\lib\Qt6Chartsd.prl
2026-06-18 15:13:46,524 - aqt.updater - INFO - updater 6384 Patching C:\Qt\6.8.3\msvc2022_64\lib\Qt6ChartsQml.prl
2026-06-18 15:13:46,533 - aqt.updater - INFO - updater 6384 Patching C:\Qt\6.8.3\msvc2022_64\lib\Qt6ChartsQmld.prl
2026-06-18 15:13:46,545 - aqt.updater - INFO - updater 6384 Patching C:\Qt\6.8.3\msvc2022_64\lib\Qt6Concurrent.prl
2026-06-18 15:13:46,554 - aqt.updater - INFO - updater 6384 Patching C:\Qt\6.8.3\msvc2022_64\lib\Qt6Concurrentd.prl
2026-06-18 15:13:46,562 - aqt.updater - INFO - updater 6384 Patching C:\Qt\6.8.3\msvc2022_64\lib\Qt6Core.prl
2026-06-18 15:13:46,572 - aqt.updater - INFO - updater 6384 Patching C:\Qt\6.8.3\msvc2022_64\lib\Qt6Cored.prl
2026-06-18 15:13:46,589 - aqt.updater - INFO - updater 6384 Patching C:\Qt\6.8.3\msvc2022_64\lib\Qt6DBus.prl
2026-06-18 15:13:46,601 - aqt.updater - INFO - updater 6384 Patching C:\Qt\6.8.3\msvc2022_64\lib\Qt6DBusd.prl
2026-06-18 15:13:46,609 - aqt.updater - INFO - updater 6384 Patching C:\Qt\6.8.3\msvc2022_64\lib\Qt6Designer.prl
2026-06-18 15:13:46,617 - aqt.updater - INFO - updater 6384 Patching C:\Qt\6.8.3\msvc2022_64\lib\Qt6DesignerComponents.prl
2026-06-18 15:13:46,627 - aqt.updater - INFO - updater 6384 Patching C:\Qt\6.8.3\msvc2022_64\lib\Qt6DesignerComponentsd.prl
2026-06-18 15:13:46,637 - aqt.updater - INFO - updater 6384 Patching C:\Qt\6.8.3\msvc2022_64\lib\Qt6Designerd.prl
2026-06-18 15:13:46,648 - aqt.updater - INFO - updater 6384 Patching C:\Qt\6.8.3\msvc2022_64\lib\Qt6DeviceDiscoverySupport.prl
2026-06-18 15:13:46,658 - aqt.updater - INFO - updater 6384 Patching C:\Qt\6.8.3\msvc2022_64\lib\Qt6DeviceDiscoverySupportd.prl
2026-06-18 15:13:46,668 - aqt.updater - INFO - updater 6384 Patching C:\Qt\6.8.3\msvc2022_64\lib\Qt6EntryPoint.prl
2026-06-18 15:13:46,679 - aqt.updater - INFO - updater 6384 Patching C:\Qt\6.8.3\msvc2022_64\lib\Qt6EntryPointd.prl
2026-06-18 15:13:46,688 - aqt.updater - INFO - updater 6384 Patching C:\Qt\6.8.3\msvc2022_64\lib\Qt6ExampleIcons.prl
2026-06-18 15:13:46,697 - aqt.updater - INFO - updater 6384 Patching C:\Qt\6.8.3\msvc2022_64\lib\Qt6ExampleIconsd.prl
2026-06-18 15:13:46,706 - aqt.updater - INFO - updater 6384 Patching C:\Qt\6.8.3\msvc2022_64\lib\Qt6ExamplesAssetDownloader.prl
2026-06-18 15:13:46,716 - aqt.updater - INFO - updater 6384 Patching C:\Qt\6.8.3\msvc2022_64\lib\Qt6ExamplesAssetDownloaderd.prl
2026-06-18 15:13:46,723 - aqt.updater - INFO - updater 6384 Patching C:\Qt\6.8.3\msvc2022_64\lib\Qt6FbSupport.prl
2026-06-18 15:13:46,733 - aqt.updater - INFO - updater 6384 Patching C:\Qt\6.8.3\msvc2022_64\lib\Qt6FbSupportd.prl
2026-06-18 15:13:46,744 - aqt.updater - INFO - updater 6384 Patching C:\Qt\6.8.3\msvc2022_64\lib\Qt6Gui.prl
2026-06-18 15:13:46,752 - aqt.updater - INFO - updater 6384 Patching C:\Qt\6.8.3\msvc2022_64\lib\Qt6Guid.prl
2026-06-18 15:13:46,761 - aqt.updater - INFO - updater 6384 Patching C:\Qt\6.8.3\msvc2022_64\lib\Qt6Help.prl
2026-06-18 15:13:46,769 - aqt.updater - INFO - updater 6384 Patching C:\Qt\6.8.3\msvc2022_64\lib\Qt6Helpd.prl
2026-06-18 15:13:46,777 - aqt.updater - INFO - updater 6384 Patching C:\Qt\6.8.3\msvc2022_64\lib\Qt6LabsAnimation.prl
2026-06-18 15:13:46,786 - aqt.updater - INFO - updater 6384 Patching C:\Qt\6.8.3\msvc2022_64\lib\Qt6LabsAnimationd.prl
2026-06-18 15:13:46,794 - aqt.updater - INFO - updater 6384 Patching C:\Qt\6.8.3\msvc2022_64\lib\Qt6LabsFolderListModel.prl
2026-06-18 15:13:46,803 - aqt.updater - INFO - updater 6384 Patching C:\Qt\6.8.3\msvc2022_64\lib\Qt6LabsFolderListModeld.prl
2026-06-18 15:13:46,813 - aqt.updater - INFO - updater 6384 Patching C:\Qt\6.8.3\msvc2022_64\lib\Qt6LabsPlatform.prl
2026-06-18 15:13:46,823 - aqt.updater - INFO - updater 6384 Patching C:\Qt\6.8.3\msvc2022_64\lib\Qt6LabsPlatformd.prl
2026-06-18 15:13:46,833 - aqt.updater - INFO - updater 6384 Patching C:\Qt\6.8.3\msvc2022_64\lib\Qt6LabsQmlModels.prl
2026-06-18 15:13:46,845 - aqt.updater - INFO - updater 6384 Patching C:\Qt\6.8.3\msvc2022_64\lib\Qt6LabsQmlModelsd.prl
2026-06-18 15:13:46,854 - aqt.updater - INFO - updater 6384 Patching C:\Qt\6.8.3\msvc2022_64\lib\Qt6LabsSettings.prl
2026-06-18 15:13:46,862 - aqt.updater - INFO - updater 6384 Patching C:\Qt\6.8.3\msvc2022_64\lib\Qt6LabsSettingsd.prl
2026-06-18 15:13:46,870 - aqt.updater - INFO - updater 6384 Patching C:\Qt\6.8.3\msvc2022_64\lib\Qt6LabsSharedImage.prl
2026-06-18 15:13:46,878 - aqt.updater - INFO - updater 6384 Patching C:\Qt\6.8.3\msvc2022_64\lib\Qt6LabsSharedImaged.prl
2026-06-18 15:13:46,890 - aqt.updater - INFO - updater 6384 Patching C:\Qt\6.8.3\msvc2022_64\lib\Qt6LabsWavefrontMesh.prl
2026-06-18 15:13:46,900 - aqt.updater - INFO - updater 6384 Patching C:\Qt\6.8.3\msvc2022_64\lib\Qt6LabsWavefrontMeshd.prl
2026-06-18 15:13:46,909 - aqt.updater - INFO - updater 6384 Patching C:\Qt\6.8.3\msvc2022_64\lib\Qt6Network.prl
2026-06-18 15:13:46,919 - aqt.updater - INFO - updater 6384 Patching C:\Qt\6.8.3\msvc2022_64\lib\Qt6Networkd.prl
2026-06-18 15:13:46,926 - aqt.updater - INFO - updater 6384 Patching C:\Qt\6.8.3\msvc2022_64\lib\Qt6OpenGL.prl
2026-06-18 15:13:46,937 - aqt.updater - INFO - updater 6384 Patching C:\Qt\6.8.3\msvc2022_64\lib\Qt6OpenGLd.prl
2026-06-18 15:13:46,946 - aqt.updater - INFO - updater 6384 Patching C:\Qt\6.8.3\msvc2022_64\lib\Qt6OpenGLWidgets.prl
2026-06-18 15:13:46,956 - aqt.updater - INFO - updater 6384 Patching C:\Qt\6.8.3\msvc2022_64\lib\Qt6OpenGLWidgetsd.prl
2026-06-18 15:13:46,967 - aqt.updater - INFO - updater 6384 Patching C:\Qt\6.8.3\msvc2022_64\lib\Qt6PacketProtocol.prl
2026-06-18 15:13:46,975 - aqt.updater - INFO - updater 6384 Patching C:\Qt\6.8.3\msvc2022_64\lib\Qt6PacketProtocold.prl
2026-06-18 15:13:46,990 - aqt.updater - INFO - updater 6384 Patching C:\Qt\6.8.3\msvc2022_64\lib\Qt6PrintSupport.prl
2026-06-18 15:13:47,000 - aqt.updater - INFO - updater 6384 Patching C:\Qt\6.8.3\msvc2022_64\lib\Qt6PrintSupportd.prl
2026-06-18 15:13:47,008 - aqt.updater - INFO - updater 6384 Patching C:\Qt\6.8.3\msvc2022_64\lib\Qt6Qml.prl
2026-06-18 15:13:47,018 - aqt.updater - INFO - updater 6384 Patching C:\Qt\6.8.3\msvc2022_64\lib\Qt6QmlAssetDownloader.prl
2026-06-18 15:13:47,066 - aqt.updater - INFO - updater 6384 Patching C:\Qt\6.8.3\msvc2022_64\lib\Qt6QmlAssetDownloaderd.prl
2026-06-18 15:13:47,077 - aqt.updater - INFO - updater 6384 Patching C:\Qt\6.8.3\msvc2022_64\lib\Qt6QmlCompiler.prl
2026-06-18 15:13:47,087 - aqt.updater - INFO - updater 6384 Patching C:\Qt\6.8.3\msvc2022_64\lib\Qt6QmlCompilerd.prl
2026-06-18 15:13:47,095 - aqt.updater - INFO - updater 6384 Patching C:\Qt\6.8.3\msvc2022_64\lib\Qt6QmlCore.prl
2026-06-18 15:13:47,103 - aqt.updater - INFO - updater 6384 Patching C:\Qt\6.8.3\msvc2022_64\lib\Qt6QmlCored.prl
2026-06-18 15:13:47,112 - aqt.updater - INFO - updater 6384 Patching C:\Qt\6.8.3\msvc2022_64\lib\Qt6Qmld.prl
2026-06-18 15:13:47,122 - aqt.updater - INFO - updater 6384 Patching C:\Qt\6.8.3\msvc2022_64\lib\Qt6QmlDebug.prl
2026-06-18 15:13:47,134 - aqt.updater - INFO - updater 6384 Patching C:\Qt\6.8.3\msvc2022_64\lib\Qt6QmlDebugd.prl
2026-06-18 15:13:47,143 - aqt.updater - INFO - updater 6384 Patching C:\Qt\6.8.3\msvc2022_64\lib\Qt6QmlDom.prl
2026-06-18 15:13:47,153 - aqt.updater - INFO - updater 6384 Patching C:\Qt\6.8.3\msvc2022_64\lib\Qt6QmlDomd.prl
2026-06-18 15:13:47,161 - aqt.updater - INFO - updater 6384 Patching C:\Qt\6.8.3\msvc2022_64\lib\Qt6QmlLocalStorage.prl
2026-06-18 15:13:47,171 - aqt.updater - INFO - updater 6384 Patching C:\Qt\6.8.3\msvc2022_64\lib\Qt6QmlLocalStoraged.prl
2026-06-18 15:13:47,182 - aqt.updater - INFO - updater 6384 Patching C:\Qt\6.8.3\msvc2022_64\lib\Qt6QmlLS.prl
2026-06-18 15:13:47,193 - aqt.updater - INFO - updater 6384 Patching C:\Qt\6.8.3\msvc2022_64\lib\Qt6QmlLSd.prl
2026-06-18 15:13:47,202 - aqt.updater - INFO - updater 6384 Patching C:\Qt\6.8.3\msvc2022_64\lib\Qt6QmlMeta.prl
2026-06-18 15:13:47,211 - aqt.updater - INFO - updater 6384 Patching C:\Qt\6.8.3\msvc2022_64\lib\Qt6QmlMetad.prl
2026-06-18 15:13:47,219 - aqt.updater - INFO - updater 6384 Patching C:\Qt\6.8.3\msvc2022_64\lib\Qt6QmlModels.prl
2026-06-18 15:13:47,228 - aqt.updater - INFO - updater 6384 Patching C:\Qt\6.8.3\msvc2022_64\lib\Qt6QmlModelsd.prl
2026-06-18 15:13:47,239 - aqt.updater - INFO - updater 6384 Patching C:\Qt\6.8.3\msvc2022_64\lib\Qt6QmlNetwork.prl
2026-06-18 15:13:47,247 - aqt.updater - INFO - updater 6384 Patching C:\Qt\6.8.3\msvc2022_64\lib\Qt6QmlNetworkd.prl
2026-06-18 15:13:47,256 - aqt.updater - INFO - updater 6384 Patching C:\Qt\6.8.3\msvc2022_64\lib\Qt6QmlToolingSettings.prl
2026-06-18 15:13:47,266 - aqt.updater - INFO - updater 6384 Patching C:\Qt\6.8.3\msvc2022_64\lib\Qt6QmlToolingSettingsd.prl
2026-06-18 15:13:47,275 - aqt.updater - INFO - updater 6384 Patching C:\Qt\6.8.3\msvc2022_64\lib\Qt6QmlTypeRegistrar.prl
2026-06-18 15:13:47,289 - aqt.updater - INFO - updater 6384 Patching C:\Qt\6.8.3\msvc2022_64\lib\Qt6QmlTypeRegistrard.prl
2026-06-18 15:13:47,297 - aqt.updater - INFO - updater 6384 Patching C:\Qt\6.8.3\msvc2022_64\lib\Qt6QmlWorkerScript.prl
2026-06-18 15:13:47,306 - aqt.updater - INFO - updater 6384 Patching C:\Qt\6.8.3\msvc2022_64\lib\Qt6QmlWorkerScriptd.prl
2026-06-18 15:13:47,317 - aqt.updater - INFO - updater 6384 Patching C:\Qt\6.8.3\msvc2022_64\lib\Qt6QmlXmlListModel.prl
2026-06-18 15:13:47,327 - aqt.updater - INFO - updater 6384 Patching C:\Qt\6.8.3\msvc2022_64\lib\Qt6QmlXmlListModeld.prl
2026-06-18 15:13:47,337 - aqt.updater - INFO - updater 6384 Patching C:\Qt\6.8.3\msvc2022_64\lib\Qt6Quick.prl
2026-06-18 15:13:47,347 - aqt.updater - INFO - updater 6384 Patching C:\Qt\6.8.3\msvc2022_64\lib\Qt6QuickControls2.prl
2026-06-18 15:13:47,355 - aqt.updater - INFO - updater 6384 Patching C:\Qt\6.8.3\msvc2022_64\lib\Qt6QuickControls2Basic.prl
2026-06-18 15:13:47,364 - aqt.updater - INFO - updater 6384 Patching C:\Qt\6.8.3\msvc2022_64\lib\Qt6QuickControls2Basicd.prl
2026-06-18 15:13:47,373 - aqt.updater - INFO - updater 6384 Patching C:\Qt\6.8.3\msvc2022_64\lib\Qt6QuickControls2BasicStyleImpl.prl
2026-06-18 15:13:47,382 - aqt.updater - INFO - updater 6384 Patching C:\Qt\6.8.3\msvc2022_64\lib\Qt6QuickControls2BasicStyleImpld.prl
2026-06-18 15:13:47,393 - aqt.updater - INFO - updater 6384 Patching C:\Qt\6.8.3\msvc2022_64\lib\Qt6QuickControls2d.prl
2026-06-18 15:13:47,401 - aqt.updater - INFO - updater 6384 Patching C:\Qt\6.8.3\msvc2022_64\lib\Qt6QuickControls2FluentWinUI3StyleImpl.prl
2026-06-18 15:13:47,411 - aqt.updater - INFO - updater 6384 Patching C:\Qt\6.8.3\msvc2022_64\lib\Qt6QuickControls2FluentWinUI3StyleImpld.prl
2026-06-18 15:13:47,421 - aqt.updater - INFO - updater 6384 Patching C:\Qt\6.8.3\msvc2022_64\lib\Qt6QuickControls2Fusion.prl
2026-06-18 15:13:47,431 - aqt.updater - INFO - updater 6384 Patching C:\Qt\6.8.3\msvc2022_64\lib\Qt6QuickControls2Fusiond.prl
2026-06-18 15:13:47,443 - aqt.updater - INFO - updater 6384 Patching C:\Qt\6.8.3\msvc2022_64\lib\Qt6QuickControls2FusionStyleImpl.prl
2026-06-18 15:13:47,453 - aqt.updater - INFO - updater 6384 Patching C:\Qt\6.8.3\msvc2022_64\lib\Qt6QuickControls2FusionStyleImpld.prl
2026-06-18 15:13:47,462 - aqt.updater - INFO - updater 6384 Patching C:\Qt\6.8.3\msvc2022_64\lib\Qt6QuickControls2Imagine.prl
2026-06-18 15:13:47,471 - aqt.updater - INFO - updater 6384 Patching C:\Qt\6.8.3\msvc2022_64\lib\Qt6QuickControls2Imagined.prl
2026-06-18 15:13:47,480 - aqt.updater - INFO - updater 6384 Patching C:\Qt\6.8.3\msvc2022_64\lib\Qt6QuickControls2ImagineStyleImpl.prl
2026-06-18 15:13:47,491 - aqt.updater - INFO - updater 6384 Patching C:\Qt\6.8.3\msvc2022_64\lib\Qt6QuickControls2ImagineStyleImpld.prl
2026-06-18 15:13:47,501 - aqt.updater - INFO - updater 6384 Patching C:\Qt\6.8.3\msvc2022_64\lib\Qt6QuickControls2Impl.prl
2026-06-18 15:13:47,510 - aqt.updater - INFO - updater 6384 Patching C:\Qt\6.8.3\msvc2022_64\lib\Qt6QuickControls2Impld.prl
2026-06-18 15:13:47,520 - aqt.updater - INFO - updater 6384 Patching C:\Qt\6.8.3\msvc2022_64\lib\Qt6QuickControls2Material.prl
2026-06-18 15:13:47,530 - aqt.updater - INFO - updater 6384 Patching C:\Qt\6.8.3\msvc2022_64\lib\Qt6QuickControls2Materiald.prl
2026-06-18 15:13:47,539 - aqt.updater - INFO - updater 6384 Patching C:\Qt\6.8.3\msvc2022_64\lib\Qt6QuickControls2MaterialStyleImpl.prl
2026-06-18 15:13:47,546 - aqt.updater - INFO - updater 6384 Patching C:\Qt\6.8.3\msvc2022_64\lib\Qt6QuickControls2MaterialStyleImpld.prl
2026-06-18 15:13:47,556 - aqt.updater - INFO - updater 6384 Patching C:\Qt\6.8.3\msvc2022_64\lib\Qt6QuickControls2Universal.prl
2026-06-18 15:13:47,565 - aqt.updater - INFO - updater 6384 Patching C:\Qt\6.8.3\msvc2022_64\lib\Qt6QuickControls2Universald.prl
2026-06-18 15:13:47,573 - aqt.updater - INFO - updater 6384 Patching C:\Qt\6.8.3\msvc2022_64\lib\Qt6QuickControls2UniversalStyleImpl.prl
2026-06-18 15:13:47,583 - aqt.updater - INFO - updater 6384 Patching C:\Qt\6.8.3\msvc2022_64\lib\Qt6QuickControls2UniversalStyleImpld.prl
2026-06-18 15:13:47,594 - aqt.updater - INFO - updater 6384 Patching C:\Qt\6.8.3\msvc2022_64\lib\Qt6QuickControls2WindowsStyleImpl.prl
2026-06-18 15:13:47,603 - aqt.updater - INFO - updater 6384 Patching C:\Qt\6.8.3\msvc2022_64\lib\Qt6QuickControls2WindowsStyleImpld.prl
2026-06-18 15:13:47,611 - aqt.updater - INFO - updater 6384 Patching C:\Qt\6.8.3\msvc2022_64\lib\Qt6QuickControlsTestUtils.prl
2026-06-18 15:13:47,627 - aqt.updater - INFO - updater 6384 Patching C:\Qt\6.8.3\msvc2022_64\lib\Qt6QuickControlsTestUtilsd.prl
2026-06-18 15:13:47,645 - aqt.updater - INFO - updater 6384 Patching C:\Qt\6.8.3\msvc2022_64\lib\Qt6Quickd.prl
2026-06-18 15:13:47,657 - aqt.updater - INFO - updater 6384 Patching C:\Qt\6.8.3\msvc2022_64\lib\Qt6QuickDialogs2.prl
2026-06-18 15:13:47,665 - aqt.updater - INFO - updater 6384 Patching C:\Qt\6.8.3\msvc2022_64\lib\Qt6QuickDialogs2d.prl
2026-06-18 15:13:47,674 - aqt.updater - INFO - updater 6384 Patching C:\Qt\6.8.3\msvc2022_64\lib\Qt6QuickDialogs2QuickImpl.prl
2026-06-18 15:13:47,684 - aqt.updater - INFO - updater 6384 Patching C:\Qt\6.8.3\msvc2022_64\lib\Qt6QuickDialogs2QuickImpld.prl
2026-06-18 15:13:47,696 - aqt.updater - INFO - updater 6384 Patching C:\Qt\6.8.3\msvc2022_64\lib\Qt6QuickDialogs2Utils.prl
2026-06-18 15:13:47,704 - aqt.updater - INFO - updater 6384 Patching C:\Qt\6.8.3\msvc2022_64\lib\Qt6QuickDialogs2Utilsd.prl
2026-06-18 15:13:47,712 - aqt.updater - INFO - updater 6384 Patching C:\Qt\6.8.3\msvc2022_64\lib\Qt6QuickEffects.prl
2026-06-18 15:13:47,720 - aqt.updater - INFO - updater 6384 Patching C:\Qt\6.8.3\msvc2022_64\lib\Qt6QuickEffectsd.prl
2026-06-18 15:13:47,729 - aqt.updater - INFO - updater 6384 Patching C:\Qt\6.8.3\msvc2022_64\lib\Qt6QuickLayouts.prl
2026-06-18 15:13:47,741 - aqt.updater - INFO - updater 6384 Patching C:\Qt\6.8.3\msvc2022_64\lib\Qt6QuickLayoutsd.prl
2026-06-18 15:13:47,750 - aqt.updater - INFO - updater 6384 Patching C:\Qt\6.8.3\msvc2022_64\lib\Qt6QuickParticles.prl
2026-06-18 15:13:47,758 - aqt.updater - INFO - updater 6384 Patching C:\Qt\6.8.3\msvc2022_64\lib\Qt6QuickParticlesd.prl
2026-06-18 15:13:47,767 - aqt.updater - INFO - updater 6384 Patching C:\Qt\6.8.3\msvc2022_64\lib\Qt6QuickShapes.prl
2026-06-18 15:13:47,777 - aqt.updater - INFO - updater 6384 Patching C:\Qt\6.8.3\msvc2022_64\lib\Qt6QuickShapesd.prl
2026-06-18 15:13:47,789 - aqt.updater - INFO - updater 6384 Patching C:\Qt\6.8.3\msvc2022_64\lib\Qt6QuickTemplates2.prl
2026-06-18 15:13:47,800 - aqt.updater - INFO - updater 6384 Patching C:\Qt\6.8.3\msvc2022_64\lib\Qt6QuickTemplates2d.prl
2026-06-18 15:13:47,809 - aqt.updater - INFO - updater 6384 Patching C:\Qt\6.8.3\msvc2022_64\lib\Qt6QuickTest.prl
2026-06-18 15:13:47,819 - aqt.updater - INFO - updater 6384 Patching C:\Qt\6.8.3\msvc2022_64\lib\Qt6QuickTestd.prl
2026-06-18 15:13:47,828 - aqt.updater - INFO - updater 6384 Patching C:\Qt\6.8.3\msvc2022_64\lib\Qt6QuickTestUtils.prl
2026-06-18 15:13:47,840 - aqt.updater - INFO - updater 6384 Patching C:\Qt\6.8.3\msvc2022_64\lib\Qt6QuickTestUtilsd.prl
2026-06-18 15:13:47,851 - aqt.updater - INFO - updater 6384 Patching C:\Qt\6.8.3\msvc2022_64\lib\Qt6QuickVectorImage.prl
2026-06-18 15:13:47,860 - aqt.updater - INFO - updater 6384 Patching C:\Qt\6.8.3\msvc2022_64\lib\Qt6QuickVectorImaged.prl
2026-06-18 15:13:47,872 - aqt.updater - INFO - updater 6384 Patching C:\Qt\6.8.3\msvc2022_64\lib\Qt6QuickVectorImageGenerator.prl
2026-06-18 15:13:47,882 - aqt.updater - INFO - updater 6384 Patching C:\Qt\6.8.3\msvc2022_64\lib\Qt6QuickVectorImageGeneratord.prl
2026-06-18 15:13:47,893 - aqt.updater - INFO - updater 6384 Patching C:\Qt\6.8.3\msvc2022_64\lib\Qt6QuickWidgets.prl
2026-06-18 15:13:47,902 - aqt.updater - INFO - updater 6384 Patching C:\Qt\6.8.3\msvc2022_64\lib\Qt6QuickWidgetsd.prl
2026-06-18 15:13:47,911 - aqt.updater - INFO - updater 6384 Patching C:\Qt\6.8.3\msvc2022_64\lib\Qt6SerialPort.prl
2026-06-18 15:13:47,918 - aqt.updater - INFO - updater 6384 Patching C:\Qt\6.8.3\msvc2022_64\lib\Qt6SerialPortd.prl
2026-06-18 15:13:47,927 - aqt.updater - INFO - updater 6384 Patching C:\Qt\6.8.3\msvc2022_64\lib\Qt6Sql.prl
2026-06-18 15:13:47,937 - aqt.updater - INFO - updater 6384 Patching C:\Qt\6.8.3\msvc2022_64\lib\Qt6Sqld.prl
2026-06-18 15:13:47,945 - aqt.updater - INFO - updater 6384 Patching C:\Qt\6.8.3\msvc2022_64\lib\Qt6Svg.prl
2026-06-18 15:13:47,955 - aqt.updater - INFO - updater 6384 Patching C:\Qt\6.8.3\msvc2022_64\lib\Qt6Svgd.prl
2026-06-18 15:13:47,965 - aqt.updater - INFO - updater 6384 Patching C:\Qt\6.8.3\msvc2022_64\lib\Qt6SvgWidgets.prl
2026-06-18 15:13:47,975 - aqt.updater - INFO - updater 6384 Patching C:\Qt\6.8.3\msvc2022_64\lib\Qt6SvgWidgetsd.prl
2026-06-18 15:13:47,984 - aqt.updater - INFO - updater 6384 Patching C:\Qt\6.8.3\msvc2022_64\lib\Qt6Test.prl
2026-06-18 15:13:47,994 - aqt.updater - INFO - updater 6384 Patching C:\Qt\6.8.3\msvc2022_64\lib\Qt6Testd.prl
2026-06-18 15:13:48,005 - aqt.updater - INFO - updater 6384 Patching C:\Qt\6.8.3\msvc2022_64\lib\Qt6UiTools.prl
2026-06-18 15:13:48,018 - aqt.updater - INFO - updater 6384 Patching C:\Qt\6.8.3\msvc2022_64\lib\Qt6UiToolsd.prl
2026-06-18 15:13:48,034 - aqt.updater - INFO - updater 6384 Patching C:\Qt\6.8.3\msvc2022_64\lib\Qt6Widgets.prl
2026-06-18 15:13:48,047 - aqt.updater - INFO - updater 6384 Patching C:\Qt\6.8.3\msvc2022_64\lib\Qt6Widgetsd.prl
2026-06-18 15:13:48,061 - aqt.updater - INFO - updater 6384 Patching C:\Qt\6.8.3\msvc2022_64\lib\Qt6Xml.prl
2026-06-18 15:13:48,068 - aqt.updater - INFO - updater 6384 Patching C:\Qt\6.8.3\msvc2022_64\lib\Qt6Xmld.prl
2026-06-18 15:13:48,078 - aqt.main - INFO - installer 6384 Finished installation
2026-06-18 15:13:48,078 - aqt.main - INFO - installer 6384 Time elapsed: 83.70743720 second
2026-06-18 16:35:03,167 - aqt.helper - DEBUG - helper 32828 Attempt to download checksum at https://download.qt.io/online/qtsdkrepository/windows_x86/desktop/qt6_683/qt6_683/Updates.xml.sha256
2026-06-18 16:35:07,305 - aqt.helper - DEBUG - helper 32828 Attempt to download checksum at https://download.qt.io/online/qtsdkrepository/windows_x86/extensions/qtpdf/683/msvc2022_64/Updates.xml.sha256
2026-06-18 16:35:10,326 - aqt.helper - DEBUG - helper 32828 Attempt to download checksum at https://download.qt.io/online/qtsdkrepository/windows_x86/extensions/qtwebengine/683/msvc2022_64/Updates.xml.sha256
2026-06-18 16:37:03,816 - aqt.main - INFO - installer 17208 aqtinstall(aqt) v3.3.0 on Python 3.14.3 [CPython MSC v.1944 64 bit (AMD64)]
2026-06-18 16:37:03,816 - aqt.helper - DEBUG - helper 17208 Attempt to download checksum at https://download.qt.io/online/qtsdkrepository/windows_x86/desktop/qt6_683/qt6_683/Updates.xml.sha256
2026-06-18 16:37:07,589 - aqt.helper - DEBUG - helper 17208 Attempt to download checksum at https://download.qt.io/online/qtsdkrepository/windows_x86/extensions/qtwebengine/683/msvc2022_64/Updates.xml.sha256
2026-06-18 16:37:10,546 - aqt.archives - INFO - archives 17208 Found extension qtwebengine
2026-06-18 16:37:10,546 - aqt.helper - DEBUG - helper 17208 Attempt to download checksum at https://download.qt.io/online/qtsdkrepository/windows_x86/extensions/qtpdf/683/msvc2022_64/Updates.xml.sha256
2026-06-18 16:37:14,029 - aqt.archives - INFO - archives 17208 Found extension qtpdf
2026-06-18 16:37:14,663 - aqt.helper - DEBUG - helper 21404 Attempt to download checksum at https://download.qt.io/online/qtsdkrepository/windows_x86/desktop/qt6_683/qt6_683/qt.qt6.683.addons.qtshadertools.win64_msvc2022_64/6.8.3-0-202503201308qtshadertools-Windows-Windows_11_23H2-MSVC2022-Windows-Windows_11_23H2-X86_64.7z.sha256
2026-06-18 16:37:14,663 - aqt.helper - DEBUG - helper 34856 Attempt to download checksum at https://download.qt.io/online/qtsdkrepository/windows_x86/desktop/qt6_683/qt6_683/qt.qt6.683.win64_msvc2022_64/6.8.3-0-202503201308qtbase-Windows-Windows_11_23H2-MSVC2022-Windows-Windows_11_23H2-X86_64.7z.sha256
2026-06-18 16:37:14,664 - aqt.helper - DEBUG - helper 14052 Attempt to download checksum at https://download.qt.io/online/qtsdkrepository/windows_x86/desktop/qt6_683/qt6_683/qt.qt6.683.win64_msvc2022_64/6.8.3-0-202503201308qtsvg-Windows-Windows_11_23H2-MSVC2022-Windows-Windows_11_23H2-X86_64.7z.sha256
2026-06-18 16:37:14,673 - aqt.helper - DEBUG - helper 23564 Attempt to download checksum at https://download.qt.io/online/qtsdkrepository/windows_x86/desktop/qt6_683/qt6_683/qt.qt6.683.win64_msvc2022_64/6.8.3-0-202503201308qtdeclarative-Windows-Windows_11_23H2-MSVC2022-Windows-Windows_11_23H2-X86_64.7z.sha256
2026-06-18 16:37:16,179 - aqt.helper - INFO - helper 21404 Downloading qtshadertools...
2026-06-18 16:37:16,179 - aqt.helper - INFO - helper 23564 Downloading qtdeclarative...
2026-06-18 16:37:16,179 - aqt.installer - DEBUG - installer 21404 Download URL: https://download.qt.io/online/qtsdkrepository/windows_x86/desktop/qt6_683/qt6_683/qt.qt6.683.addons.qtshadertools.win64_msvc2022_64/6.8.3-0-202503201308qtshadertools-Windows-Windows_11_23H2-MSVC2022-Windows-Windows_11_23H2-X86_64.7z
2026-06-18 16:37:16,180 - aqt.installer - DEBUG - installer 23564 Download URL: https://download.qt.io/online/qtsdkrepository/windows_x86/desktop/qt6_683/qt6_683/qt.qt6.683.win64_msvc2022_64/6.8.3-0-202503201308qtdeclarative-Windows-Windows_11_23H2-MSVC2022-Windows-Windows_11_23H2-X86_64.7z
2026-06-18 16:37:16,239 - aqt.helper - INFO - helper 14052 Downloading qtsvg...
2026-06-18 16:37:16,240 - aqt.installer - DEBUG - installer 14052 Download URL: https://download.qt.io/online/qtsdkrepository/windows_x86/desktop/qt6_683/qt6_683/qt.qt6.683.win64_msvc2022_64/6.8.3-0-202503201308qtsvg-Windows-Windows_11_23H2-MSVC2022-Windows-Windows_11_23H2-X86_64.7z
2026-06-18 16:37:17,817 - aqt.helper - DEBUG - helper 14052 Asked to redirect(302) to: https://ftp.jaist.ac.jp/pub/qtproject/online/qtsdkrepository/windows_x86/desktop/qt6_683/qt6_683/qt.qt6.683.win64_msvc2022_64/6.8.3-0-202503201308qtsvg-Windows-Windows_11_23H2-MSVC2022-Windows-Windows_11_23H2-X86_64.7z
s-Windows_11_23H2-X86_64.7z
2026-06-18 16:37:17,818 - aqt.helper - INFO - helper 23564 Redirected: ftp.jaist.ac.jp
2026-06-18 16:37:17,818 - aqt.helper - INFO - helper 14052 Redirected: ftp.jaist.ac.jp
2026-06-18 16:37:17,818 - aqt.helper - INFO - helper 21404 Redirected: ftp.jaist.ac.jp
2026-06-18 16:37:19,476 - aqt.installer - INFO - installer 14052 Finished installation of qtsvg-Windows-Windows_11_23H2-MSVC2022-Windows-Windows_11_23H2-X86_64.7z in 4.81279180
2026-06-18 16:37:19,492 - aqt.helper - DEBUG - helper 14052 Attempt to download checksum at https://download.qt.io/online/qtsdkrepository/windows_x86/desktop/qt6_683/qt6_683/qt.qt6.683.win64_msvc2022_64/6.8.3-0-202503201308qttools-Windows-Windows_11_23H2-MSVC2022-Windows-Windows_11_23H2-X86_64.7z.sha256
2026-06-18 16:37:20,021 - aqt.installer - INFO - installer 21404 Finished installation of qtshadertools-Windows-Windows_11_23H2-MSVC2022-Windows-Windows_11_23H2-X86_64.7z in 5.35890700
2026-06-18 16:37:20,038 - aqt.helper - DEBUG - helper 21404 Attempt to download checksum at https://download.qt.io/online/qtsdkrepository/windows_x86/desktop/qt6_683/qt6_683/qt.qt6.683.win64_msvc2022_64/6.8.3-0-202503201308qttranslations-Windows-Windows_11_23H2-MSVC2022-Windows-Windows_11_23H2-X86_64.7z.sha256
2026-06-18 16:37:20,267 - aqt.helper - INFO - helper 34856 Downloading qtbase...
2026-06-18 16:37:20,267 - aqt.installer - DEBUG - installer 34856 Download URL: https://download.qt.io/online/qtsdkrepository/windows_x86/desktop/qt6_683/qt6_683/qt.qt6.683.win64_msvc2022_64/6.8.3-0-202503201308qtbase-Windows-Windows_11_23H2-MSVC2022-Windows-Windows_11_23H2-X86_64.7z
2026-06-18 16:37:20,954 - aqt.helper - INFO - helper 14052 Downloading qttools...
2026-06-18 16:37:20,954 - aqt.installer - DEBUG - installer 14052 Download URL: https://download.qt.io/online/qtsdkrepository/windows_x86/desktop/qt6_683/qt6_683/qt.qt6.683.win64_msvc2022_64/6.8.3-0-202503201308qttools-Windows-Windows_11_23H2-MSVC2022-Windows-Windows_11_23H2-X86_64.7z
2026-06-18 16:37:21,507 - aqt.helper - INFO - helper 21404 Downloading qttranslations...
2026-06-18 16:37:21,507 - aqt.installer - DEBUG - installer 21404 Download URL: https://download.qt.io/online/qtsdkrepository/windows_x86/desktop/qt6_683/qt6_683/qt.qt6.683.win64_msvc2022_64/6.8.3-0-202503201308qttranslations-Windows-Windows_11_23H2-MSVC2022-Windows-Windows_11_23H2-X86_64.7z
2026-06-18 16:37:21,855 - aqt.helper - DEBUG - helper 34856 Asked to redirect(302) to: https://ftp.jaist.ac.jp/pub/qtproject/online/qtsdkrepository/windows_x86/desktop/qt6_683/qt6_683/qt.qt6.683.win64_msvc2022_64/6.8.3-0-202503201308qtbase-Windows-Windows_11_23H2-MSVC2022-Windows-Windows_11_23H2-X86_64.7z
2026-06-18 16:37:21,855 - aqt.helper - INFO - helper 34856 Redirected: ftp.jaist.ac.jp
2026-06-18 16:37:22,412 - aqt.helper - DEBUG - helper 14052 Asked to redirect(302) to: https://ftp.jaist.ac.jp/pub/qtproject/online/qtsdkrepository/windows_x86/desktop/qt6_683/qt6_683/qt.qt6.683.win64_msvc2022_64/6.8.3-0-202503201308qttools-Windows-Windows_11_23H2-MSVC2022-Windows-Windows_11_23H2-X86_64.7z
2026-06-18 16:37:22,412 - aqt.helper - INFO - helper 14052 Redirected: ftp.jaist.ac.jp
2026-06-18 16:37:22,955 - aqt.helper - DEBUG - helper 21404 Asked to redirect(302) to: https://ftp.jaist.ac.jp/pub/qtproject/online/qtsdkrepository/windows_x86/desktop/qt6_683/qt6_683/qt.qt6.683.win64_msvc2022_64/6.8.3-0-202503201308qttranslations-Windows-Windows_11_23H2-MSVC2022-Windows-Windows_11_23H2-X86_64.7z
2026-06-18 16:37:22,955 - aqt.helper - INFO - helper 21404 Redirected: ftp.jaist.ac.jp
2026-06-18 16:37:28,341 - aqt.installer - INFO - installer 21404 Finished installation of qttranslations-Windows-Windows_11_23H2-MSVC2022-Windows-Windows_11_23H2-X86_64.7z in 8.30507750
2026-06-18 16:37:28,358 - aqt.helper - DEBUG - helper 21404 Attempt to download checksum at https://download.qt.io/online/qtsdkrepository/windows_x86/desktop/qt6_683/qt6_683/qt.qt6.683.win64_msvc2022_64/6.8.3-0-202503201308d3dcompiler_47-x64.7z.sha256
2026-06-18 16:37:29,602 - aqt.installer - INFO - installer 34856 Finished installation of qtbase-Windows-Windows_11_23H2-MSVC2022-Windows-Windows_11_23H2-X86_64.7z in 14.93974730
2026-06-18 16:37:29,622 - aqt.helper - DEBUG - helper 34856 Attempt to download checksum at https://download.qt.io/online/qtsdkrepository/windows_x86/desktop/qt6_683/qt6_683/qt.qt6.683.win64_msvc2022_64/6.8.3-0-202503201308opengl32sw-64-mesa_11_2_2-signed_sha256.7z.sha256
2026-06-18 16:37:29,857 - aqt.helper - INFO - helper 21404 Downloading d3dcompiler_47...
2026-06-18 16:37:29,857 - aqt.installer - DEBUG - installer 21404 Download URL: https://download.qt.io/online/qtsdkrepository/windows_x86/desktop/qt6_683/qt6_683/qt.qt6.683.win64_msvc2022_64/6.8.3-0-202503201308d3dcompiler_47-x64.7z
2026-06-18 16:37:30,957 - aqt.helper - INFO - helper 34856 Downloading opengl32sw...
2026-06-18 16:37:30,957 - aqt.installer - DEBUG - installer 34856 Download URL: https://download.qt.io/online/qtsdkrepository/windows_x86/desktop/qt6_683/qt6_683/qt.qt6.683.win64_msvc2022_64/6.8.3-0-202503201308opengl32sw-64-mesa_11_2_2-signed_sha256.7z
2026-06-18 16:37:31,335 - aqt.helper - DEBUG - helper 21404 Asked to redirect(302) to: https://ftp.jaist.ac.jp/pub/qtproject/online/qtsdkrepository/windows_x86/desktop/qt6_683/qt6_683/qt.qt6.683.win64_msvc2022_64/6.8.3-0-202503201308d3dcompiler_47-x64.7z
2026-06-18 16:37:31,335 - aqt.helper - INFO - helper 21404 Redirected: ftp.jaist.ac.jp
2026-06-18 16:37:32,244 - aqt.installer - INFO - installer 21404 Finished installation of d3dcompiler_47-x64.7z in 3.88830860
2026-06-18 16:37:32,387 - aqt.helper - DEBUG - helper 34856 Asked to redirect(302) to: https://ftp.jaist.ac.jp/pub/qtproject/online/qtsdkrepository/windows_x86/desktop/qt6_683/qt6_683/qt.qt6.683.win64_msvc2022_64/6.8.3-0-202503201308opengl32sw-64-mesa_11_2_2-signed_sha256.7z
2026-06-18 16:37:32,388 - aqt.helper - INFO - helper 34856 Redirected: ftp.jaist.ac.jp
2026-06-18 16:37:33,875 - aqt.installer - INFO - installer 14052 Finished installation of qttools-Windows-Windows_11_23H2-MSVC2022-Windows-Windows_11_23H2-X86_64.7z in 14.38527360
2026-06-18 16:37:39,349 - aqt.installer - INFO - installer 34856 Finished installation of opengl32sw-64-mesa_11_2_2-signed_sha256.7z in 9.72943710
2026-06-18 16:37:40,272 - aqt.installer - INFO - installer 23564 Finished installation of qtdeclarative-Windows-Windows_11_23H2-MSVC2022-Windows-Windows_11_23H2-X86_64.7z in 25.59979920
2026-06-18 16:37:40,450 - aqt.updater - INFO - updater 17208 Patching C:\Qt\6.8.3\msvc2022_64\bin\qmake.exe
2026-06-18 16:37:40,454 - aqt.updater - INFO - updater 17208 Patching C:\Qt\6.8.3\msvc2022_64\lib\Qt63DAnimation.prl
2026-06-18 16:37:40,459 - aqt.updater - INFO - updater 17208 Patching C:\Qt\6.8.3\msvc2022_64\lib\Qt63DAnimationd.prl
2026-06-18 16:37:40,464 - aqt.updater - INFO - updater 17208 Patching C:\Qt\6.8.3\msvc2022_64\lib\Qt63DCore.prl
2026-06-18 16:37:40,469 - aqt.updater - INFO - updater 17208 Patching C:\Qt\6.8.3\msvc2022_64\lib\Qt63DCored.prl
2026-06-18 16:37:40,474 - aqt.updater - INFO - updater 17208 Patching C:\Qt\6.8.3\msvc2022_64\lib\Qt63DExtras.prl
2026-06-18 16:37:40,479 - aqt.updater - INFO - updater 17208 Patching C:\Qt\6.8.3\msvc2022_64\lib\Qt63DExtrasd.prl
2026-06-18 16:37:40,485 - aqt.updater - INFO - updater 17208 Patching C:\Qt\6.8.3\msvc2022_64\lib\Qt63DInput.prl
2026-06-18 16:37:40,490 - aqt.updater - INFO - updater 17208 Patching C:\Qt\6.8.3\msvc2022_64\lib\Qt63DInputd.prl
2026-06-18 16:37:40,495 - aqt.updater - INFO - updater 17208 Patching C:\Qt\6.8.3\msvc2022_64\lib\Qt63DLogic.prl
2026-06-18 16:37:40,500 - aqt.updater - INFO - updater 17208 Patching C:\Qt\6.8.3\msvc2022_64\lib\Qt63DLogicd.prl
2026-06-18 16:37:40,504 - aqt.updater - INFO - updater 17208 Patching C:\Qt\6.8.3\msvc2022_64\lib\Qt63DQuick.prl
2026-06-18 16:37:40,508 - aqt.updater - INFO - updater 17208 Patching C:\Qt\6.8.3\msvc2022_64\lib\Qt63DQuickAnimation.prl
2026-06-18 16:37:40,513 - aqt.updater - INFO - updater 17208 Patching C:\Qt\6.8.3\msvc2022_64\lib\Qt63DQuickAnimationd.prl
2026-06-18 16:37:40,518 - aqt.updater - INFO - updater 17208 Patching C:\Qt\6.8.3\msvc2022_64\lib\Qt63DQuickd.prl
2026-06-18 16:37:40,524 - aqt.updater - INFO - updater 17208 Patching C:\Qt\6.8.3\msvc2022_64\lib\Qt63DQuickExtras.prl
2026-06-18 16:37:40,529 - aqt.updater - INFO - updater 17208 Patching C:\Qt\6.8.3\msvc2022_64\lib\Qt63DQuickExtrasd.prl
2026-06-18 16:37:40,534 - aqt.updater - INFO - updater 17208 Patching C:\Qt\6.8.3\msvc2022_64\lib\Qt63DQuickInput.prl
2026-06-18 16:37:40,539 - aqt.updater - INFO - updater 17208 Patching C:\Qt\6.8.3\msvc2022_64\lib\Qt63DQuickInputd.prl
2026-06-18 16:37:40,543 - aqt.updater - INFO - updater 17208 Patching C:\Qt\6.8.3\msvc2022_64\lib\Qt63DQuickRender.prl
2026-06-18 16:37:40,548 - aqt.updater - INFO - updater 17208 Patching C:\Qt\6.8.3\msvc2022_64\lib\Qt63DQuickRenderd.prl
2026-06-18 16:37:40,553 - aqt.updater - INFO - updater 17208 Patching C:\Qt\6.8.3\msvc2022_64\lib\Qt63DQuickScene2D.prl
2026-06-18 16:37:40,557 - aqt.updater - INFO - updater 17208 Patching C:\Qt\6.8.3\msvc2022_64\lib\Qt63DQuickScene2Dd.prl
2026-06-18 16:37:40,562 - aqt.updater - INFO - updater 17208 Patching C:\Qt\6.8.3\msvc2022_64\lib\Qt63DQuickScene3D.prl
2026-06-18 16:37:40,566 - aqt.updater - INFO - updater 17208 Patching C:\Qt\6.8.3\msvc2022_64\lib\Qt63DQuickScene3Dd.prl
2026-06-18 16:37:40,570 - aqt.updater - INFO - updater 17208 Patching C:\Qt\6.8.3\msvc2022_64\lib\Qt63DRender.prl
2026-06-18 16:37:40,575 - aqt.updater - INFO - updater 17208 Patching C:\Qt\6.8.3\msvc2022_64\lib\Qt63DRenderd.prl
2026-06-18 16:37:40,580 - aqt.updater - INFO - updater 17208 Patching C:\Qt\6.8.3\msvc2022_64\lib\Qt6Charts.prl
2026-06-18 16:37:40,585 - aqt.updater - INFO - updater 17208 Patching C:\Qt\6.8.3\msvc2022_64\lib\Qt6Chartsd.prl
2026-06-18 16:37:40,590 - aqt.updater - INFO - updater 17208 Patching C:\Qt\6.8.3\msvc2022_64\lib\Qt6ChartsQml.prl
2026-06-18 16:37:40,594 - aqt.updater - INFO - updater 17208 Patching C:\Qt\6.8.3\msvc2022_64\lib\Qt6ChartsQmld.prl
2026-06-18 16:37:40,598 - aqt.updater - INFO - updater 17208 Patching C:\Qt\6.8.3\msvc2022_64\lib\Qt6Concurrent.prl
2026-06-18 16:37:40,600 - aqt.updater - INFO - updater 17208 Patching C:\Qt\6.8.3\msvc2022_64\lib\Qt6Concurrentd.prl
2026-06-18 16:37:40,605 - aqt.updater - INFO - updater 17208 Patching C:\Qt\6.8.3\msvc2022_64\lib\Qt6Core.prl
2026-06-18 16:37:40,610 - aqt.updater - INFO - updater 17208 Patching C:\Qt\6.8.3\msvc2022_64\lib\Qt6Cored.prl
2026-06-18 16:37:40,611 - aqt.updater - INFO - updater 17208 Patching C:\Qt\6.8.3\msvc2022_64\lib\Qt6DBus.prl
2026-06-18 16:37:40,618 - aqt.updater - INFO - updater 17208 Patching C:\Qt\6.8.3\msvc2022_64\lib\Qt6DBusd.prl
2026-06-18 16:37:40,619 - aqt.updater - INFO - updater 17208 Patching C:\Qt\6.8.3\msvc2022_64\lib\Qt6Designer.prl
2026-06-18 16:37:40,620 - aqt.updater - INFO - updater 17208 Patching C:\Qt\6.8.3\msvc2022_64\lib\Qt6DesignerComponents.prl
2026-06-18 16:37:40,621 - aqt.updater - INFO - updater 17208 Patching C:\Qt\6.8.3\msvc2022_64\lib\Qt6DesignerComponentsd.prl
2026-06-18 16:37:40,622 - aqt.updater - INFO - updater 17208 Patching C:\Qt\6.8.3\msvc2022_64\lib\Qt6Designerd.prl
2026-06-18 16:37:40,628 - aqt.updater - INFO - updater 17208 Patching C:\Qt\6.8.3\msvc2022_64\lib\Qt6DeviceDiscoverySupport.prl
2026-06-18 16:37:40,635 - aqt.updater - INFO - updater 17208 Patching C:\Qt\6.8.3\msvc2022_64\lib\Qt6DeviceDiscoverySupportd.prl
2026-06-18 16:37:40,637 - aqt.updater - INFO - updater 17208 Patching C:\Qt\6.8.3\msvc2022_64\lib\Qt6EntryPoint.prl
2026-06-18 16:37:40,638 - aqt.updater - INFO - updater 17208 Patching C:\Qt\6.8.3\msvc2022_64\lib\Qt6EntryPointd.prl
2026-06-18 16:37:40,644 - aqt.updater - INFO - updater 17208 Patching C:\Qt\6.8.3\msvc2022_64\lib\Qt6ExampleIcons.prl
2026-06-18 16:37:40,645 - aqt.updater - INFO - updater 17208 Patching C:\Qt\6.8.3\msvc2022_64\lib\Qt6ExampleIconsd.prl
2026-06-18 16:37:40,646 - aqt.updater - INFO - updater 17208 Patching C:\Qt\6.8.3\msvc2022_64\lib\Qt6ExamplesAssetDownloader.prl
2026-06-18 16:37:40,648 - aqt.updater - INFO - updater 17208 Patching C:\Qt\6.8.3\msvc2022_64\lib\Qt6ExamplesAssetDownloaderd.prl
2026-06-18 16:37:40,653 - aqt.updater - INFO - updater 17208 Patching C:\Qt\6.8.3\msvc2022_64\lib\Qt6FbSupport.prl
2026-06-18 16:37:40,658 - aqt.updater - INFO - updater 17208 Patching C:\Qt\6.8.3\msvc2022_64\lib\Qt6FbSupportd.prl
2026-06-18 16:37:40,659 - aqt.updater - INFO - updater 17208 Patching C:\Qt\6.8.3\msvc2022_64\lib\Qt6Gui.prl
2026-06-18 16:37:40,660 - aqt.updater - INFO - updater 17208 Patching C:\Qt\6.8.3\msvc2022_64\lib\Qt6Guid.prl
2026-06-18 16:37:40,661 - aqt.updater - INFO - updater 17208 Patching C:\Qt\6.8.3\msvc2022_64\lib\Qt6Help.prl
2026-06-18 16:37:40,667 - aqt.updater - INFO - updater 17208 Patching C:\Qt\6.8.3\msvc2022_64\lib\Qt6Helpd.prl
2026-06-18 16:37:40,668 - aqt.updater - INFO - updater 17208 Patching C:\Qt\6.8.3\msvc2022_64\lib\Qt6LabsAnimation.prl
2026-06-18 16:37:40,669 - aqt.updater - INFO - updater 17208 Patching C:\Qt\6.8.3\msvc2022_64\lib\Qt6LabsAnimationd.prl
2026-06-18 16:37:40,670 - aqt.updater - INFO - updater 17208 Patching C:\Qt\6.8.3\msvc2022_64\lib\Qt6LabsFolderListModel.prl
2026-06-18 16:37:40,671 - aqt.updater - INFO - updater 17208 Patching C:\Qt\6.8.3\msvc2022_64\lib\Qt6LabsFolderListModeld.prl
2026-06-18 16:37:40,672 - aqt.updater - INFO - updater 17208 Patching C:\Qt\6.8.3\msvc2022_64\lib\Qt6LabsPlatform.prl
2026-06-18 16:37:40,673 - aqt.updater - INFO - updater 17208 Patching C:\Qt\6.8.3\msvc2022_64\lib\Qt6LabsPlatformd.prl
2026-06-18 16:37:40,673 - aqt.updater - INFO - updater 17208 Patching C:\Qt\6.8.3\msvc2022_64\lib\Qt6LabsQmlModels.prl
2026-06-18 16:37:40,674 - aqt.updater - INFO - updater 17208 Patching C:\Qt\6.8.3\msvc2022_64\lib\Qt6LabsQmlModelsd.prl
2026-06-18 16:37:40,675 - aqt.updater - INFO - updater 17208 Patching C:\Qt\6.8.3\msvc2022_64\lib\Qt6LabsSettings.prl
2026-06-18 16:37:40,681 - aqt.updater - INFO - updater 17208 Patching C:\Qt\6.8.3\msvc2022_64\lib\Qt6LabsSettingsd.prl
2026-06-18 16:37:40,688 - aqt.updater - INFO - updater 17208 Patching C:\Qt\6.8.3\msvc2022_64\lib\Qt6LabsSharedImage.prl
2026-06-18 16:37:40,689 - aqt.updater - INFO - updater 17208 Patching C:\Qt\6.8.3\msvc2022_64\lib\Qt6LabsSharedImaged.prl
2026-06-18 16:37:40,695 - aqt.updater - INFO - updater 17208 Patching C:\Qt\6.8.3\msvc2022_64\lib\Qt6LabsWavefrontMesh.prl
2026-06-18 16:37:40,697 - aqt.updater - INFO - updater 17208 Patching C:\Qt\6.8.3\msvc2022_64\lib\Qt6LabsWavefrontMeshd.prl
2026-06-18 16:37:40,698 - aqt.updater - INFO - updater 17208 Patching C:\Qt\6.8.3\msvc2022_64\lib\Qt6Network.prl
2026-06-18 16:37:40,699 - aqt.updater - INFO - updater 17208 Patching C:\Qt\6.8.3\msvc2022_64\lib\Qt6Networkd.prl
2026-06-18 16:37:40,700 - aqt.updater - INFO - updater 17208 Patching C:\Qt\6.8.3\msvc2022_64\lib\Qt6OpenGL.prl
2026-06-18 16:37:40,700 - aqt.updater - INFO - updater 17208 Patching C:\Qt\6.8.3\msvc2022_64\lib\Qt6OpenGLd.prl
2026-06-18 16:37:40,705 - aqt.updater - INFO - updater 17208 Patching C:\Qt\6.8.3\msvc2022_64\lib\Qt6OpenGLWidgets.prl
2026-06-18 16:37:40,710 - aqt.updater - INFO - updater 17208 Patching C:\Qt\6.8.3\msvc2022_64\lib\Qt6OpenGLWidgetsd.prl
2026-06-18 16:37:40,717 - aqt.updater - INFO - updater 17208 Patching C:\Qt\6.8.3\msvc2022_64\lib\Qt6PacketProtocol.prl
2026-06-18 16:37:40,719 - aqt.updater - INFO - updater 17208 Patching C:\Qt\6.8.3\msvc2022_64\lib\Qt6PacketProtocold.prl
2026-06-18 16:37:40,720 - aqt.updater - INFO - updater 17208 Patching C:\Qt\6.8.3\msvc2022_64\lib\Qt6PrintSupport.prl
2026-06-18 16:37:40,721 - aqt.updater - INFO - updater 17208 Patching C:\Qt\6.8.3\msvc2022_64\lib\Qt6PrintSupportd.prl
2026-06-18 16:37:40,722 - aqt.updater - INFO - updater 17208 Patching C:\Qt\6.8.3\msvc2022_64\lib\Qt6Qml.prl
2026-06-18 16:37:40,727 - aqt.updater - INFO - updater 17208 Patching C:\Qt\6.8.3\msvc2022_64\lib\Qt6QmlAssetDownloader.prl
2026-06-18 16:37:40,728 - aqt.updater - INFO - updater 17208 Patching C:\Qt\6.8.3\msvc2022_64\lib\Qt6QmlAssetDownloaderd.prl
2026-06-18 16:37:40,729 - aqt.updater - INFO - updater 17208 Patching C:\Qt\6.8.3\msvc2022_64\lib\Qt6QmlCompiler.prl
2026-06-18 16:37:40,730 - aqt.updater - INFO - updater 17208 Patching C:\Qt\6.8.3\msvc2022_64\lib\Qt6QmlCompilerd.prl
2026-06-18 16:37:40,737 - aqt.updater - INFO - updater 17208 Patching C:\Qt\6.8.3\msvc2022_64\lib\Qt6QmlCore.prl
2026-06-18 16:37:40,744 - aqt.updater - INFO - updater 17208 Patching C:\Qt\6.8.3\msvc2022_64\lib\Qt6QmlCored.prl
2026-06-18 16:37:40,745 - aqt.updater - INFO - updater 17208 Patching C:\Qt\6.8.3\msvc2022_64\lib\Qt6Qmld.prl
2026-06-18 16:37:40,746 - aqt.updater - INFO - updater 17208 Patching C:\Qt\6.8.3\msvc2022_64\lib\Qt6QmlDebug.prl
2026-06-18 16:37:40,747 - aqt.updater - INFO - updater 17208 Patching C:\Qt\6.8.3\msvc2022_64\lib\Qt6QmlDebugd.prl
2026-06-18 16:37:40,753 - aqt.updater - INFO - updater 17208 Patching C:\Qt\6.8.3\msvc2022_64\lib\Qt6QmlDom.prl
2026-06-18 16:37:40,758 - aqt.updater - INFO - updater 17208 Patching C:\Qt\6.8.3\msvc2022_64\lib\Qt6QmlDomd.prl
2026-06-18 16:37:40,759 - aqt.updater - INFO - updater 17208 Patching C:\Qt\6.8.3\msvc2022_64\lib\Qt6QmlLocalStorage.prl
2026-06-18 16:37:40,760 - aqt.updater - INFO - updater 17208 Patching C:\Qt\6.8.3\msvc2022_64\lib\Qt6QmlLocalStoraged.prl
2026-06-18 16:37:40,761 - aqt.updater - INFO - updater 17208 Patching C:\Qt\6.8.3\msvc2022_64\lib\Qt6QmlLS.prl
2026-06-18 16:37:40,767 - aqt.updater - INFO - updater 17208 Patching C:\Qt\6.8.3\msvc2022_64\lib\Qt6QmlLSd.prl
2026-06-18 16:37:40,768 - aqt.updater - INFO - updater 17208 Patching C:\Qt\6.8.3\msvc2022_64\lib\Qt6QmlMeta.prl
2026-06-18 16:37:40,773 - aqt.updater - INFO - updater 17208 Patching C:\Qt\6.8.3\msvc2022_64\lib\Qt6QmlMetad.prl
2026-06-18 16:37:40,774 - aqt.updater - INFO - updater 17208 Patching C:\Qt\6.8.3\msvc2022_64\lib\Qt6QmlModels.prl
2026-06-18 16:37:40,775 - aqt.updater - INFO - updater 17208 Patching C:\Qt\6.8.3\msvc2022_64\lib\Qt6QmlModelsd.prl
2026-06-18 16:37:40,776 - aqt.updater - INFO - updater 17208 Patching C:\Qt\6.8.3\msvc2022_64\lib\Qt6QmlNetwork.prl
2026-06-18 16:37:40,777 - aqt.updater - INFO - updater 17208 Patching C:\Qt\6.8.3\msvc2022_64\lib\Qt6QmlNetworkd.prl
2026-06-18 16:37:40,778 - aqt.updater - INFO - updater 17208 Patching C:\Qt\6.8.3\msvc2022_64\lib\Qt6QmlToolingSettings.prl
2026-06-18 16:37:40,779 - aqt.updater - INFO - updater 17208 Patching C:\Qt\6.8.3\msvc2022_64\lib\Qt6QmlToolingSettingsd.prl
2026-06-18 16:37:40,786 - aqt.updater - INFO - updater 17208 Patching C:\Qt\6.8.3\msvc2022_64\lib\Qt6QmlTypeRegistrar.prl
2026-06-18 16:37:40,787 - aqt.updater - INFO - updater 17208 Patching C:\Qt\6.8.3\msvc2022_64\lib\Qt6QmlTypeRegistrard.prl
2026-06-18 16:37:40,793 - aqt.updater - INFO - updater 17208 Patching C:\Qt\6.8.3\msvc2022_64\lib\Qt6QmlWorkerScript.prl
2026-06-18 16:37:40,795 - aqt.updater - INFO - updater 17208 Patching C:\Qt\6.8.3\msvc2022_64\lib\Qt6QmlWorkerScriptd.prl
2026-06-18 16:37:40,795 - aqt.updater - INFO - updater 17208 Patching C:\Qt\6.8.3\msvc2022_64\lib\Qt6QmlXmlListModel.prl
2026-06-18 16:37:40,796 - aqt.updater - INFO - updater 17208 Patching C:\Qt\6.8.3\msvc2022_64\lib\Qt6QmlXmlListModeld.prl
2026-06-18 16:37:40,798 - aqt.updater - INFO - updater 17208 Patching C:\Qt\6.8.3\msvc2022_64\lib\Qt6Quick.prl
2026-06-18 16:37:40,798 - aqt.updater - INFO - updater 17208 Patching C:\Qt\6.8.3\msvc2022_64\lib\Qt6QuickControls2.prl
2026-06-18 16:37:40,804 - aqt.updater - INFO - updater 17208 Patching C:\Qt\6.8.3\msvc2022_64\lib\Qt6QuickControls2Basic.prl
2026-06-18 16:37:40,805 - aqt.updater - INFO - updater 17208 Patching C:\Qt\6.8.3\msvc2022_64\lib\Qt6QuickControls2Basicd.prl
2026-06-18 16:37:40,806 - aqt.updater - INFO - updater 17208 Patching C:\Qt\6.8.3\msvc2022_64\lib\Qt6QuickControls2BasicStyleImpl.prl
2026-06-18 16:37:40,807 - aqt.updater - INFO - updater 17208 Patching C:\Qt\6.8.3\msvc2022_64\lib\Qt6QuickControls2BasicStyleImpld.prl
2026-06-18 16:37:40,808 - aqt.updater - INFO - updater 17208 Patching C:\Qt\6.8.3\msvc2022_64\lib\Qt6QuickControls2d.prl
2026-06-18 16:37:40,814 - aqt.updater - INFO - updater 17208 Patching C:\Qt\6.8.3\msvc2022_64\lib\Qt6QuickControls2FluentWinUI3StyleImpl.prl
2026-06-18 16:37:40,815 - aqt.updater - INFO - updater 17208 Patching C:\Qt\6.8.3\msvc2022_64\lib\Qt6QuickControls2FluentWinUI3StyleImpld.prl
2026-06-18 16:37:40,820 - aqt.updater - INFO - updater 17208 Patching C:\Qt\6.8.3\msvc2022_64\lib\Qt6QuickControls2Fusion.prl
2026-06-18 16:37:40,822 - aqt.updater - INFO - updater 17208 Patching C:\Qt\6.8.3\msvc2022_64\lib\Qt6QuickControls2Fusiond.prl
2026-06-18 16:37:40,823 - aqt.updater - INFO - updater 17208 Patching C:\Qt\6.8.3\msvc2022_64\lib\Qt6QuickControls2FusionStyleImpl.prl
2026-06-18 16:37:40,824 - aqt.updater - INFO - updater 17208 Patching C:\Qt\6.8.3\msvc2022_64\lib\Qt6QuickControls2FusionStyleImpld.prl
2026-06-18 16:37:40,825 - aqt.updater - INFO - updater 17208 Patching C:\Qt\6.8.3\msvc2022_64\lib\Qt6QuickControls2Imagine.prl
2026-06-18 16:37:40,826 - aqt.updater - INFO - updater 17208 Patching C:\Qt\6.8.3\msvc2022_64\lib\Qt6QuickControls2Imagined.prl
2026-06-18 16:37:40,831 - aqt.updater - INFO - updater 17208 Patching C:\Qt\6.8.3\msvc2022_64\lib\Qt6QuickControls2ImagineStyleImpl.prl
2026-06-18 16:37:40,832 - aqt.updater - INFO - updater 17208 Patching C:\Qt\6.8.3\msvc2022_64\lib\Qt6QuickControls2ImagineStyleImpld.prl
2026-06-18 16:37:40,834 - aqt.updater - INFO - updater 17208 Patching C:\Qt\6.8.3\msvc2022_64\lib\Qt6QuickControls2Impl.prl
2026-06-18 16:37:40,836 - aqt.updater - INFO - updater 17208 Patching C:\Qt\6.8.3\msvc2022_64\lib\Qt6QuickControls2Impld.prl
2026-06-18 16:37:40,837 - aqt.updater - INFO - updater 17208 Patching C:\Qt\6.8.3\msvc2022_64\lib\Qt6QuickControls2Material.prl
2026-06-18 16:37:40,838 - aqt.updater - INFO - updater 17208 Patching C:\Qt\6.8.3\msvc2022_64\lib\Qt6QuickControls2Materiald.prl
2026-06-18 16:37:40,839 - aqt.updater - INFO - updater 17208 Patching C:\Qt\6.8.3\msvc2022_64\lib\Qt6QuickControls2MaterialStyleImpl.prl
2026-06-18 16:37:40,840 - aqt.updater - INFO - updater 17208 Patching C:\Qt\6.8.3\msvc2022_64\lib\Qt6QuickControls2MaterialStyleImpld.prl
2026-06-18 16:37:40,841 - aqt.updater - INFO - updater 17208 Patching C:\Qt\6.8.3\msvc2022_64\lib\Qt6QuickControls2Universal.prl
2026-06-18 16:37:40,848 - aqt.updater - INFO - updater 17208 Patching C:\Qt\6.8.3\msvc2022_64\lib\Qt6QuickControls2Universald.prl
2026-06-18 16:37:40,854 - aqt.updater - INFO - updater 17208 Patching C:\Qt\6.8.3\msvc2022_64\lib\Qt6QuickControls2UniversalStyleImpl.prl
2026-06-18 16:37:40,860 - aqt.updater - INFO - updater 17208 Patching C:\Qt\6.8.3\msvc2022_64\lib\Qt6QuickControls2UniversalStyleImpld.prl
2026-06-18 16:37:40,865 - aqt.updater - INFO - updater 17208 Patching C:\Qt\6.8.3\msvc2022_64\lib\Qt6QuickControls2WindowsStyleImpl.prl
2026-06-18 16:37:40,867 - aqt.updater - INFO - updater 17208 Patching C:\Qt\6.8.3\msvc2022_64\lib\Qt6QuickControls2WindowsStyleImpld.prl
2026-06-18 16:37:40,867 - aqt.updater - INFO - updater 17208 Patching C:\Qt\6.8.3\msvc2022_64\lib\Qt6QuickControlsTestUtils.prl
2026-06-18 16:37:40,869 - aqt.updater - INFO - updater 17208 Patching C:\Qt\6.8.3\msvc2022_64\lib\Qt6QuickControlsTestUtilsd.prl
2026-06-18 16:37:40,870 - aqt.updater - INFO - updater 17208 Patching C:\Qt\6.8.3\msvc2022_64\lib\Qt6Quickd.prl
2026-06-18 16:37:40,870 - aqt.updater - INFO - updater 17208 Patching C:\Qt\6.8.3\msvc2022_64\lib\Qt6QuickDialogs2.prl
2026-06-18 16:37:40,871 - aqt.updater - INFO - updater 17208 Patching C:\Qt\6.8.3\msvc2022_64\lib\Qt6QuickDialogs2d.prl
2026-06-18 16:37:40,872 - aqt.updater - INFO - updater 17208 Patching C:\Qt\6.8.3\msvc2022_64\lib\Qt6QuickDialogs2QuickImpl.prl
2026-06-18 16:37:40,873 - aqt.updater - INFO - updater 17208 Patching C:\Qt\6.8.3\msvc2022_64\lib\Qt6QuickDialogs2QuickImpld.prl
2026-06-18 16:37:40,880 - aqt.updater - INFO - updater 17208 Patching C:\Qt\6.8.3\msvc2022_64\lib\Qt6QuickDialogs2Utils.prl
2026-06-18 16:37:40,889 - aqt.updater - INFO - updater 17208 Patching C:\Qt\6.8.3\msvc2022_64\lib\Qt6QuickDialogs2Utilsd.prl
2026-06-18 16:37:40,894 - aqt.updater - INFO - updater 17208 Patching C:\Qt\6.8.3\msvc2022_64\lib\Qt6QuickEffects.prl
2026-06-18 16:37:40,896 - aqt.updater - INFO - updater 17208 Patching C:\Qt\6.8.3\msvc2022_64\lib\Qt6QuickEffectsd.prl
2026-06-18 16:37:40,897 - aqt.updater - INFO - updater 17208 Patching C:\Qt\6.8.3\msvc2022_64\lib\Qt6QuickLayouts.prl
2026-06-18 16:37:40,898 - aqt.updater - INFO - updater 17208 Patching C:\Qt\6.8.3\msvc2022_64\lib\Qt6QuickLayoutsd.prl
2026-06-18 16:37:40,904 - aqt.updater - INFO - updater 17208 Patching C:\Qt\6.8.3\msvc2022_64\lib\Qt6QuickParticles.prl
2026-06-18 16:37:40,911 - aqt.updater - INFO - updater 17208 Patching C:\Qt\6.8.3\msvc2022_64\lib\Qt6QuickParticlesd.prl
2026-06-18 16:37:40,917 - aqt.updater - INFO - updater 17208 Patching C:\Qt\6.8.3\msvc2022_64\lib\Qt6QuickShapes.prl
2026-06-18 16:37:40,918 - aqt.updater - INFO - updater 17208 Patching C:\Qt\6.8.3\msvc2022_64\lib\Qt6QuickShapesd.prl
2026-06-18 16:37:40,924 - aqt.updater - INFO - updater 17208 Patching C:\Qt\6.8.3\msvc2022_64\lib\Qt6QuickTemplates2.prl
2026-06-18 16:37:40,925 - aqt.updater - INFO - updater 17208 Patching C:\Qt\6.8.3\msvc2022_64\lib\Qt6QuickTemplates2d.prl
2026-06-18 16:37:40,931 - aqt.updater - INFO - updater 17208 Patching C:\Qt\6.8.3\msvc2022_64\lib\Qt6QuickTest.prl
2026-06-18 16:37:40,940 - aqt.updater - INFO - updater 17208 Patching C:\Qt\6.8.3\msvc2022_64\lib\Qt6QuickTestd.prl
2026-06-18 16:37:40,941 - aqt.updater - INFO - updater 17208 Patching C:\Qt\6.8.3\msvc2022_64\lib\Qt6QuickTestUtils.prl
2026-06-18 16:37:40,942 - aqt.updater - INFO - updater 17208 Patching C:\Qt\6.8.3\msvc2022_64\lib\Qt6QuickTestUtilsd.prl
2026-06-18 16:37:40,943 - aqt.updater - INFO - updater 17208 Patching C:\Qt\6.8.3\msvc2022_64\lib\Qt6QuickVectorImage.prl
2026-06-18 16:37:40,950 - aqt.updater - INFO - updater 17208 Patching C:\Qt\6.8.3\msvc2022_64\lib\Qt6QuickVectorImaged.prl
2026-06-18 16:37:40,951 - aqt.updater - INFO - updater 17208 Patching C:\Qt\6.8.3\msvc2022_64\lib\Qt6QuickVectorImageGenerator.prl
2026-06-18 16:37:40,952 - aqt.updater - INFO - updater 17208 Patching C:\Qt\6.8.3\msvc2022_64\lib\Qt6QuickVectorImageGeneratord.prl
2026-06-18 16:37:40,954 - aqt.updater - INFO - updater 17208 Patching C:\Qt\6.8.3\msvc2022_64\lib\Qt6QuickWidgets.prl
2026-06-18 16:37:40,954 - aqt.updater - INFO - updater 17208 Patching C:\Qt\6.8.3\msvc2022_64\lib\Qt6QuickWidgetsd.prl
2026-06-18 16:37:40,955 - aqt.updater - INFO - updater 17208 Patching C:\Qt\6.8.3\msvc2022_64\lib\Qt6SerialPort.prl
2026-06-18 16:37:40,961 - aqt.updater - INFO - updater 17208 Patching C:\Qt\6.8.3\msvc2022_64\lib\Qt6SerialPortd.prl
2026-06-18 16:37:40,967 - aqt.updater - INFO - updater 17208 Patching C:\Qt\6.8.3\msvc2022_64\lib\Qt6ShaderTools.prl
2026-06-18 16:37:40,973 - aqt.updater - INFO - updater 17208 Patching C:\Qt\6.8.3\msvc2022_64\lib\Qt6ShaderToolsd.prl
2026-06-18 16:37:40,979 - aqt.updater - INFO - updater 17208 Patching C:\Qt\6.8.3\msvc2022_64\lib\Qt6Sql.prl
2026-06-18 16:37:40,985 - aqt.updater - INFO - updater 17208 Patching C:\Qt\6.8.3\msvc2022_64\lib\Qt6Sqld.prl
2026-06-18 16:37:40,991 - aqt.updater - INFO - updater 17208 Patching C:\Qt\6.8.3\msvc2022_64\lib\Qt6Svg.prl
2026-06-18 16:37:40,992 - aqt.updater - INFO - updater 17208 Patching C:\Qt\6.8.3\msvc2022_64\lib\Qt6Svgd.prl
2026-06-18 16:37:40,999 - aqt.updater - INFO - updater 17208 Patching C:\Qt\6.8.3\msvc2022_64\lib\Qt6SvgWidgets.prl
2026-06-18 16:37:41,004 - aqt.updater - INFO - updater 17208 Patching C:\Qt\6.8.3\msvc2022_64\lib\Qt6SvgWidgetsd.prl
2026-06-18 16:37:41,005 - aqt.updater - INFO - updater 17208 Patching C:\Qt\6.8.3\msvc2022_64\lib\Qt6Test.prl
2026-06-18 16:37:41,010 - aqt.updater - INFO - updater 17208 Patching C:\Qt\6.8.3\msvc2022_64\lib\Qt6Testd.prl
2026-06-18 16:37:41,011 - aqt.updater - INFO - updater 17208 Patching C:\Qt\6.8.3\msvc2022_64\lib\Qt6UiTools.prl
2026-06-18 16:37:41,012 - aqt.updater - INFO - updater 17208 Patching C:\Qt\6.8.3\msvc2022_64\lib\Qt6UiToolsd.prl
2026-06-18 16:37:41,014 - aqt.updater - INFO - updater 17208 Patching C:\Qt\6.8.3\msvc2022_64\lib\Qt6Widgets.prl
2026-06-18 16:37:41,015 - aqt.updater - INFO - updater 17208 Patching C:\Qt\6.8.3\msvc2022_64\lib\Qt6Widgetsd.prl
2026-06-18 16:37:41,016 - aqt.updater - INFO - updater 17208 Patching C:\Qt\6.8.3\msvc2022_64\lib\Qt6Xml.prl
2026-06-18 16:37:41,018 - aqt.updater - INFO - updater 17208 Patching C:\Qt\6.8.3\msvc2022_64\lib\Qt6Xmld.prl
2026-06-18 16:37:41,019 - aqt.main - INFO - installer 17208 Finished installation
2026-06-18 16:37:41,019 - aqt.main - INFO - installer 17208 Time elapsed: 37.20336850 second
